[debug] [2022-08-25T15:08:17.781Z] ----------------------------------------------------------------------
[debug] [2022-08-25T15:08:17.784Z] Command:       C:\Program Files\nodejs\node.exe C:\Users\dev-03\AppData\Roaming\npm\node_modules\firebase-tools\lib\bin\firebase.js init
[debug] [2022-08-25T15:08:17.784Z] CLI Version:   11.8.0
[debug] [2022-08-25T15:08:17.785Z] Platform:      win32
[debug] [2022-08-25T15:08:17.785Z] Node Version:  v16.15.0
[debug] [2022-08-25T15:08:17.791Z] Time:          Thu Aug 25 2022 12:08:17 GMT-0300 (Horário Padrão de Brasília)
[debug] [2022-08-25T15:08:17.791Z] ----------------------------------------------------------------------
[debug] 
[debug] [2022-08-25T15:08:17.796Z] >>> [apiv2][query] GET https://firebase-public.firebaseio.com/cli.json [none]
[debug] [2022-08-25T15:08:17.825Z] > command requires scopes: ["email","openid","https://www.googleapis.com/auth/cloudplatformprojects.readonly","https://www.googleapis.com/auth/firebase","https://www.googleapis.com/auth/cloud-platform"]
[debug] [2022-08-25T15:08:17.826Z] > authorizing via signed-in user (hudson.jgc@gmail.com)
[info] 
     ######## #### ########  ######## ########     ###     ######  ########
     ##        ##  ##     ## ##       ##     ##  ##   ##  ##       ##
     ######    ##  ########  ######   ########  #########  ######  ######
     ##        ##  ##    ##  ##       ##     ## ##     ##       ## ##
     ##       #### ##     ## ######## ########  ##     ##  ######  ########

You're about to initialize a Firebase project in this directory:

  C:\Users\dev-03\Documents\EXTRAS\teste-ponto-eletronico-angular

[debug] [2022-08-25T15:08:18.303Z] <<< [apiv2][status] GET https://firebase-public.firebaseio.com/cli.json 200
[debug] [2022-08-25T15:08:18.303Z] <<< [apiv2][body] GET https://firebase-public.firebaseio.com/cli.json {"cloudBuildErrorAfter":1594252800000,"cloudBuildWarnAfter":1590019200000,"defaultNode10After":1594252800000,"minVersion":"3.0.5","node8DeploysDisabledAfter":1613390400000,"node8RuntimeDisabledAfter":1615809600000,"node8WarnAfter":1600128000000}
[info] 
=== Project Setup
[info] 
[info] First, let's associate this project directory with a Firebase project.
[info] You can create multiple project aliases by running firebase use --add, 
[info] but for now we'll just set up a default project.
[info] 
[debug] [2022-08-25T15:08:41.898Z] > refreshing access token with scopes: []
[debug] [2022-08-25T15:08:41.899Z] >>> [apiv2][query] POST https://www.googleapis.com/oauth2/v3/token [none]
[debug] [2022-08-25T15:08:41.899Z] >>> [apiv2][body] POST https://www.googleapis.com/oauth2/v3/token [omitted]
[debug] [2022-08-25T15:08:42.141Z] <<< [apiv2][status] POST https://www.googleapis.com/oauth2/v3/token 200
[debug] [2022-08-25T15:08:42.141Z] <<< [apiv2][body] POST https://www.googleapis.com/oauth2/v3/token [omitted]
[debug] [2022-08-25T15:08:42.153Z] >>> [apiv2][query] GET https://firebase.googleapis.com/v1beta1/projects pageSize=100
[debug] [2022-08-25T15:08:42.765Z] <<< [apiv2][status] GET https://firebase.googleapis.com/v1beta1/projects 200
[debug] [2022-08-25T15:08:42.766Z] <<< [apiv2][body] GET https://firebase.googleapis.com/v1beta1/projects [omitted]
[info] i  Using project teste-ponto-eletronico (teste-ponto-eletronico) 
[info] 
=== Hosting Setup
[info] 
[info] Your public directory is the folder (relative to your project directory) that
[info] will contain Hosting assets to be uploaded with firebase deploy. If you
[info] have a build process for your assets, use your build's output directory.
[info] 
[debug] [2022-08-25T15:10:28.327Z] >>> [apiv2][query] GET https://www.gstatic.com/firebasejs/releases.json [none]
[debug] [2022-08-25T15:10:28.476Z] <<< [apiv2][status] GET https://www.gstatic.com/firebasejs/releases.json 200
[debug] [2022-08-25T15:10:28.476Z] <<< [apiv2][body] GET https://www.gstatic.com/firebasejs/releases.json {"current":{"version":"9.9.3","browserURL":"https://www.gstatic.com/firebasejs/9.9.3/firebase.js","packageURL":"https://www.gstatic.com/firebasejs/9.9.3/firebase.tgz"},"live":{"version":"9.9","browserURL":"https://www.gstatic.com/firebasejs/live/9.9/firebase.js","packageURL":"https://www.gstatic.com/firebasejs/live/9.9/firebase.tgz"},"components":{"analytics":"https://www.gstatic.com/firebasejs/9.9.3/firebase-analytics.js","app":"https://www.gstatic.com/firebasejs/9.9.3/firebase-app.js","app-check":"https://www.gstatic.com/firebasejs/9.9.3/firebase-app-check.js","auth":"https://www.gstatic.com/firebasejs/9.9.3/firebase-auth.js","auth/cordova":"https://www.gstatic.com/firebasejs/9.9.3/firebase-auth/cordova.js","auth/react-native":"https://www.gstatic.com/firebasejs/9.9.3/firebase-auth/react-native.js","functions":"https://www.gstatic.com/firebasejs/9.9.3/firebase-functions.js","firestore":"https://www.gstatic.com/firebasejs/9.9.3/firebase-firestore.js","firestore/lite":"https://www.gstatic.com/firebasejs/9.9.3/firebase-firestore/lite.js","installations":"https://www.gstatic.com/firebasejs/9.9.3/firebase-installations.js","storage":"https://www.gstatic.com/firebasejs/9.9.3/firebase-storage.js","performance":"https://www.gstatic.com/firebasejs/9.9.3/firebase-performance.js","remote-config":"https://www.gstatic.com/firebasejs/9.9.3/firebase-remote-config.js","messaging":"https://www.gstatic.com/firebasejs/9.9.3/firebase-messaging.js","messaging/sw":"https://www.gstatic.com/firebasejs/9.9.3/firebase-messaging/sw.js","database":"https://www.gstatic.com/firebasejs/9.9.3/firebase-database.js","firestore.memory":"https://www.gstatic.com/firebasejs/9.9.3/firebase-firestore.memory.js"}}
[info] i  Skipping write of dist/teste-ponto-eletronico-angular/index.html 
[info] 
[info] i  Detected a .git folder at C:\Users\dev-03 
[info] i  Authorizing with GitHub to upload your service account to a GitHub repository's secrets store. 
[info] 
[info] Visit this URL on this device to log in:
[info] https://github.com/login/oauth/authorize?client_id=89cf50f02ac6aaed3484&state=84735062&redirect_uri=http%3A%2F%2Flocalhost%3A9005&scope=read%3Auser%20repo%20public_repo
[info] 
[info] Waiting for authentication...
[debug] [2022-08-25T15:10:33.362Z] >>> [apiv2][query] POST https://github.com/login/oauth/access_token [none]
[debug] [2022-08-25T15:10:33.362Z] >>> [apiv2][body] POST https://github.com/login/oauth/access_token [stream]
[debug] [2022-08-25T15:10:33.671Z] <<< [apiv2][status] POST https://github.com/login/oauth/access_token 200
[debug] [2022-08-25T15:10:33.671Z] <<< [apiv2][body] POST https://github.com/login/oauth/access_token {"access_token":"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","token_type":"bearer","scope":"read:user,repo"}
[debug] [2022-08-25T15:10:33.677Z] >>> [apiv2][query] GET https://api.github.com/user [none]
[debug] [2022-08-25T15:10:34.023Z] <<< [apiv2][status] GET https://api.github.com/user 200
[debug] [2022-08-25T15:10:34.023Z] <<< [apiv2][body] GET https://api.github.com/user {"login":"yohudson","id":45170216,"node_id":"MDQ6VXNlcjQ1MTcwMjE2","avatar_url":"https://avatars.githubusercontent.com/u/45170216?v=4","gravatar_id":"","url":"https://api.github.com/users/yohudson","html_url":"https://github.com/yohudson","followers_url":"https://api.github.com/users/yohudson/followers","following_url":"https://api.github.com/users/yohudson/following{/other_user}","gists_url":"https://api.github.com/users/yohudson/gists{/gist_id}","starred_url":"https://api.github.com/users/yohudson/starred{/owner}{/repo}","subscriptions_url":"https://api.github.com/users/yohudson/subscriptions","organizations_url":"https://api.github.com/users/yohudson/orgs","repos_url":"https://api.github.com/users/yohudson/repos","events_url":"https://api.github.com/users/yohudson/events{/privacy}","received_events_url":"https://api.github.com/users/yohudson/received_events","type":"User","site_admin":false,"name":"Hudson Coelho","company":null,"blog":"","location":null,"email":null,"hireable":null,"bio":null,"twitter_username":null,"public_repos":5,"public_gists":0,"followers":0,"following":0,"created_at":"2018-11-19T12:39:10Z","updated_at":"2022-08-02T18:28:20Z","private_gists":0,"total_private_repos":3,"owned_private_repos":3,"disk_usage":13762,"collaborators":0,"two_factor_authentication":false,"plan":{"name":"free","space":976562499,"collaborators":0,"private_repos":10000}}
[info] 
[info] +  Success! Logged into GitHub as yohudson 
[info] 
